2026-06-19 16:30:30.043 | INFO     | __main__:main:445 - ======================================================================
2026-06-19 16:30:30.049 | INFO     | __main__:main:446 - GRAPHURA SCRAPER - Starting
2026-06-19 16:30:30.050 | INFO     | __main__:main:447 - ======================================================================
2026-06-19 16:30:30.050 | INFO     | __main__:main:448 - Platforms : internshala
2026-06-19 16:30:30.051 | INFO     | __main__:main:449 - Keywords  : software engineer, python developer, data analyst, full stack developer, ai engineer, data scientist, machine learning engineer
2026-06-19 16:30:30.052 | INFO     | __main__:main:450 - Per query : 5
2026-06-19 16:30:30.053 | INFO     | __main__:main:451 - Delays    : 4.0-8.0s
2026-06-19 16:30:30.054 | INFO     | __main__:main:452 - Headless  : False
2026-06-19 16:30:30.054 | INFO     | __main__:main:453 - ======================================================================
2026-06-19 16:30:32.724 | INFO     | __main__:main:459 - Supabase connected. Jobs in DB: 56
2026-06-19 16:30:32.892 | INFO     | __main__:main:468 - Loaded 56 hashes and 56 URLs for dedup
2026-06-19 16:31:59.389 | INFO     | __main__:main:445 - ======================================================================
2026-06-19 16:31:59.396 | INFO     | __main__:main:446 - GRAPHURA SCRAPER - Starting
2026-06-19 16:31:59.397 | INFO     | __main__:main:447 - ======================================================================
2026-06-19 16:31:59.397 | INFO     | __main__:main:448 - Platforms : internshala
2026-06-19 16:31:59.397 | INFO     | __main__:main:449 - Keywords  : software engineer, python developer, data analyst, full stack developer, ai engineer, data scientist, machine learning engineer
2026-06-19 16:31:59.398 | INFO     | __main__:main:450 - Per query : 5
2026-06-19 16:31:59.399 | INFO     | __main__:main:451 - Delays    : 4.0-8.0s
2026-06-19 16:31:59.399 | INFO     | __main__:main:452 - Headless  : False
2026-06-19 16:31:59.400 | INFO     | __main__:main:453 - ======================================================================
2026-06-19 16:32:01.182 | INFO     | __main__:main:459 - Supabase connected. Jobs in DB: 56
2026-06-19 16:32:01.326 | INFO     | __main__:main:468 - Loaded 56 hashes and 56 URLs for dedup
2026-06-19 16:32:02.938 | INFO     | __main__:main:486 - 
----------------------------------------------------------------------
2026-06-19 16:32:02.938 | INFO     | __main__:main:487 - Starting: Internshala
2026-06-19 16:32:02.939 | INFO     | __main__:main:488 - ----------------------------------------------------------------------
2026-06-19 16:32:05.435 | INFO     | __main__:scrape_platform:362 - [Internshala] Searching: https://internshala.com/internships/keywords-software-engineer/
2026-06-19 16:32:19.081 | INFO     | __main__:scrape_platform:375 -    Found 5 jobs
2026-06-19 16:32:26.274 | INFO     | __main__:scrape_platform:362 - [Internshala] Searching: https://internshala.com/internships/keywords-python-developer/
2026-06-19 16:32:40.636 | INFO     | __main__:scrape_platform:375 -    Found 5 jobs
2026-06-19 16:32:48.159 | INFO     | __main__:scrape_platform:362 - [Internshala] Searching: https://internshala.com/internships/keywords-data-analyst/
2026-06-19 16:33:02.451 | INFO     | __main__:scrape_platform:375 -    Found 5 jobs
2026-06-19 16:33:07.824 | INFO     | __main__:scrape_platform:362 - [Internshala] Searching: https://internshala.com/internships/keywords-full-stack-developer/
2026-06-19 16:33:23.710 | INFO     | __main__:scrape_platform:375 -    Found 5 jobs
2026-06-19 16:33:31.019 | INFO     | __main__:scrape_platform:362 - [Internshala] Searching: https://internshala.com/internships/keywords-ai-engineer/
2026-06-19 16:33:44.424 | INFO     | __main__:scrape_platform:375 -    Found 5 jobs
2026-06-19 16:33:51.100 | INFO     | __main__:scrape_platform:362 - [Internshala] Searching: https://internshala.com/internships/keywords-data-scientist/
2026-06-19 16:34:07.063 | INFO     | __main__:scrape_platform:375 -    Found 5 jobs
2026-06-19 16:34:14.732 | INFO     | __main__:scrape_platform:362 - [Internshala] Searching: https://internshala.com/internships/keywords-machine-learning-engineer/
2026-06-19 16:34:30.889 | INFO     | __main__:scrape_platform:375 -    Found 5 jobs
2026-06-19 16:34:36.305 | INFO     | __main__:scrape_platform:394 - [Internshala] Processing 22 new URLs (filtered 5 already-seen)
2026-06-19 16:34:46.602 | INFO     | __main__:process_single_job:282 - [LOW]   [Internshala] Social Media Marketing - Internship      | Score:  29.8 | Low Risk
2026-06-19 16:35:05.166 | INFO     | __main__:process_single_job:282 - [SAFE]  [Internshala] Social Media Marketing - Internship      | Score:  16.2 | Safe
2026-06-19 16:35:22.102 | INFO     | __main__:process_single_job:282 - [LOW]   [Internshala] Digital Marketing - Internship           | Score:  29.8 | Low Risk
2026-06-19 16:35:40.564 | INFO     | __main__:process_single_job:282 - [SAFE]  [Internshala] Digital Marketing - Internship           | Score:  16.2 | Safe
2026-06-19 16:35:57.227 | INFO     | __main__:process_single_job:282 - [MED]   [Internshala] Customer Success - Internship            | Score:  44.8 | Medium Risk
