2026-06-20 03:20:07.042 | INFO     | __main__:main:93 - ======================================================================
2026-06-20 03:20:07.043 | INFO     | __main__:main:94 - GRAPHURA INVERSE SCRAPER - Starting
2026-06-20 03:20:07.043 | INFO     | __main__:main:95 - ======================================================================
2026-06-20 03:20:07.044 | INFO     | __main__:main:96 - Targeting: ScamDirectories (ComplaintBoard)
2026-06-20 03:20:07.044 | INFO     | __main__:main:97 - Per query: 2
2026-06-20 03:20:07.044 | INFO     | __main__:main:98 - Delays   : 4.0-8.0s
2026-06-20 03:20:07.044 | INFO     | __main__:main:99 - ======================================================================
2026-06-20 03:20:07.895 | INFO     | __main__:main:107 - Connected to database. Existing training scams: 0
2026-06-20 03:20:19.606 | INFO     | __main__:main:105 - ======================================================================
2026-06-20 03:20:19.607 | INFO     | __main__:main:106 - GRAPHURA INVERSE SCRAPER - Starting
2026-06-20 03:20:19.608 | INFO     | __main__:main:107 - ======================================================================
2026-06-20 03:20:19.608 | INFO     | __main__:main:108 - Targeting: ScamDirectories (ComplaintBoard)
2026-06-20 03:20:19.608 | INFO     | __main__:main:109 - Per query: 2
2026-06-20 03:20:19.608 | INFO     | __main__:main:110 - Delays   : 4.0-8.0s
2026-06-20 03:20:19.608 | INFO     | __main__:main:111 - ======================================================================
2026-06-20 03:20:20.721 | INFO     | __main__:main:118 - Connected to database. Existing training scams: 0
2026-06-20 03:20:20.726 | INFO     | __main__:main:133 - Searching listings (BS4): https://www.complaintboard.in/search.php?q=fake+job
2026-06-20 03:20:21.064 | DEBUG    | __main__:fetch_html_static:67 - Static fetch failed for https://www.complaintboard.in/search.php?q=fake+job: [Errno 11001] getaddrinfo failed
2026-06-20 03:20:21.065 | INFO     | __main__:main:143 - BS4 search failed/blocked. Trying Playwright fallback...
2026-06-20 03:20:21.490 | DEBUG    | __main__:fetch_html_playwright_safe:98 - Playwright execution bypassed/failed (expected on path syntax): Connection closed while reading from the driver
2026-06-20 03:20:21.490 | INFO     | __main__:main:151 - Found 0 scam posts to process
2026-06-20 03:20:28.512 | INFO     | __main__:main:210 - ======================================================================
2026-06-20 03:20:28.513 | INFO     | __main__:main:211 - INVERSE SCRAPER SUMMARY
2026-06-20 03:20:28.513 | INFO     | __main__:main:212 - ======================================================================
2026-06-20 03:20:28.513 | INFO     | __main__:main:213 - Saved   : 0
2026-06-20 03:20:28.513 | INFO     | __main__:main:214 - Skipped : 0
2026-06-20 03:20:28.513 | INFO     | __main__:main:215 - Failed  : 0
2026-06-20 03:20:28.514 | INFO     | __main__:main:216 - Duration: 8.9s
2026-06-20 03:20:28.514 | INFO     | __main__:main:217 - ======================================================================
2026-06-20 11:32:19.286 | INFO     | __main__:main:106 - ======================================================================
2026-06-20 11:32:19.287 | INFO     | __main__:main:107 - GRAPHURA INVERSE SCRAPER - Starting
2026-06-20 11:32:19.287 | INFO     | __main__:main:108 - ======================================================================
2026-06-20 11:32:19.287 | INFO     | __main__:main:109 - Targeting platforms: complaintboard, consumercomplaints
2026-06-20 11:32:19.287 | INFO     | __main__:main:110 - Per query: 2
2026-06-20 11:32:19.287 | INFO     | __main__:main:111 - Delays   : 4.0-8.0s
2026-06-20 11:32:19.288 | INFO     | __main__:main:112 - ======================================================================
2026-06-20 11:32:20.232 | INFO     | __main__:main:119 - Connected to database. Existing training scams: 0
2026-06-20 11:32:20.233 | INFO     | __main__:main:130 - Running inverse connector for platform: complaintboard
2026-06-20 11:32:20.234 | INFO     | __main__:main:140 - Searching listings (BS4): https://www.complaintboard.in/search.php?q=fake+job
2026-06-20 11:32:20.503 | DEBUG    | __main__:fetch_html_static:68 - Static fetch failed for https://www.complaintboard.in/search.php?q=fake+job: [Errno 11001] getaddrinfo failed
2026-06-20 11:32:20.505 | INFO     | __main__:main:150 -    BS4 search failed/blocked. Trying Playwright fallback...
2026-06-20 11:32:25.772 | DEBUG    | __main__:fetch_html_playwright_safe:99 - Playwright execution bypassed/failed (expected on path syntax): net::ERR_NAME_NOT_RESOLVED at https://www.complaintboard.in/search.php?q=fake+job
2026-06-20 11:32:25.773 | INFO     | __main__:main:158 -    Found 0 scam posts to process
2026-06-20 11:32:33.137 | INFO     | __main__:main:140 - Searching listings (BS4): https://www.complaintboard.in/search.php?q=scam
2026-06-20 11:32:33.406 | DEBUG    | __main__:fetch_html_static:68 - Static fetch failed for https://www.complaintboard.in/search.php?q=scam: [Errno 11001] getaddrinfo failed
2026-06-20 11:32:33.408 | INFO     | __main__:main:150 -    BS4 search failed/blocked. Trying Playwright fallback...
2026-06-20 11:32:34.903 | DEBUG    | __main__:fetch_html_playwright_safe:99 - Playwright execution bypassed/failed (expected on path syntax): net::ERR_NAME_NOT_RESOLVED at https://www.complaintboard.in/search.php?q=scam
2026-06-20 11:32:34.903 | INFO     | __main__:main:158 -    Found 0 scam posts to process
2026-06-20 11:32:39.734 | INFO     | __main__:main:140 - Searching listings (BS4): https://www.complaintboard.in/search.php?q=fraud
2026-06-20 11:32:39.997 | DEBUG    | __main__:fetch_html_static:68 - Static fetch failed for https://www.complaintboard.in/search.php?q=fraud: [Errno 11001] getaddrinfo failed
2026-06-20 11:32:39.999 | INFO     | __main__:main:150 -    BS4 search failed/blocked. Trying Playwright fallback...
2026-06-20 11:32:41.324 | DEBUG    | __main__:fetch_html_playwright_safe:99 - Playwright execution bypassed/failed (expected on path syntax): net::ERR_NAME_NOT_RESOLVED at https://www.complaintboard.in/search.php?q=fraud
2026-06-20 11:32:41.324 | INFO     | __main__:main:158 -    Found 0 scam posts to process
2026-06-20 11:32:48.623 | INFO     | __main__:main:130 - Running inverse connector for platform: consumercomplaints
2026-06-20 11:32:48.625 | INFO     | __main__:main:140 - Searching listings (BS4): https://www.consumercomplaints.in/?search=fake+job
2026-06-20 11:32:49.747 | INFO     | __main__:main:158 -    Found 2 scam posts to process
2026-06-20 11:32:57.026 | INFO     | __main__:main:140 - Searching listings (BS4): https://www.consumercomplaints.in/?search=scam
2026-06-20 11:32:58.276 | INFO     | __main__:main:158 -    Found 2 scam posts to process
2026-06-20 11:33:04.906 | INFO     | __main__:main:140 - Searching listings (BS4): https://www.consumercomplaints.in/?search=fraud
2026-06-20 11:33:06.869 | INFO     | __main__:main:158 -    Found 2 scam posts to process
2026-06-20 11:33:12.120 | INFO     | __main__:main:167 - Scraping scam detail: https://www.consumercomplaints.in/wisdom-jobs-b101613/page/7#get-cl1925300
2026-06-20 11:33:14.182 | INFO     | __main__:main:180 -    BS4 detail scrape failed. Trying Playwright fallback...
2026-06-20 11:33:21.132 | WARNING  | __main__:main:189 -    Could not extract data from https://www.consumercomplaints.in/wisdom-jobs-b101613/page/7#get-cl1925300
2026-06-20 11:33:21.133 | INFO     | __main__:main:167 - Scraping scam detail: https://www.consumercomplaints.in/sai-groups-of-organisation-fake-job-consultancy-c3541704
2026-06-20 11:33:22.262 | INFO     | __main__:main:180 -    BS4 detail scrape failed. Trying Playwright fallback...
2026-06-20 11:33:28.173 | WARNING  | __main__:main:189 -    Could not extract data from https://www.consumercomplaints.in/sai-groups-of-organisation-fake-job-consultancy-c3541704
2026-06-20 11:33:28.173 | INFO     | __main__:main:167 - Scraping scam detail: https://www.consumercomplaints.in/making-scam-through-my-name-by-my-name-making-a-fam-pay-account-asking-other-for-money-c3541972
2026-06-20 11:33:30.653 | INFO     | __main__:main:180 -    BS4 detail scrape failed. Trying Playwright fallback...
2026-06-20 11:33:35.646 | WARNING  | __main__:main:189 -    Could not extract data from https://www.consumercomplaints.in/making-scam-through-my-name-by-my-name-making-a-fam-pay-account-asking-other-for-money-c3541972
2026-06-20 11:33:35.647 | INFO     | __main__:main:167 - Scraping scam detail: https://www.consumercomplaints.in/sun-palace-house-winter-house-scam-scammer-hotel-be-careful-while-booking-c3541465
2026-06-20 11:33:37.891 | INFO     | __main__:main:180 -    BS4 detail scrape failed. Trying Playwright fallback...
2026-06-20 11:33:43.580 | WARNING  | __main__:main:189 -    Could not extract data from https://www.consumercomplaints.in/sun-palace-house-winter-house-scam-scammer-hotel-be-careful-while-booking-c3541465
2026-06-20 11:33:43.580 | INFO     | __main__:main:167 - Scraping scam detail: https://www.consumercomplaints.in/sernexuss-fake-review-fraud-company-very-disappointed-with-the-level-of-service-c3541190
2026-06-20 11:33:45.116 | INFO     | __main__:main:180 -    BS4 detail scrape failed. Trying Playwright fallback...
2026-06-20 11:33:50.986 | WARNING  | __main__:main:189 -    Could not extract data from https://www.consumercomplaints.in/sernexuss-fake-review-fraud-company-very-disappointed-with-the-level-of-service-c3541190
2026-06-20 11:33:50.987 | INFO     | __main__:main:167 - Scraping scam detail: https://www.consumercomplaints.in/cdn-cgi/l/email-protection
2026-06-20 11:33:51.669 | INFO     | __main__:main:180 -    BS4 detail scrape failed. Trying Playwright fallback...
2026-06-20 11:33:57.729 | INFO     | __main__:main:204 -    Saved training scam: Email Protection
2026-06-20 11:34:03.009 | INFO     | __main__:main:213 - ======================================================================
2026-06-20 11:34:03.010 | INFO     | __main__:main:214 - INVERSE SCRAPER SUMMARY
2026-06-20 11:34:03.012 | INFO     | __main__:main:215 - ======================================================================
2026-06-20 11:34:03.013 | INFO     | __main__:main:216 - Saved   : 1
2026-06-20 11:34:03.014 | INFO     | __main__:main:217 - Skipped : 0
2026-06-20 11:34:03.014 | INFO     | __main__:main:218 - Failed  : 5
2026-06-20 11:34:03.014 | INFO     | __main__:main:219 - Duration: 103.7s
2026-06-20 11:34:03.014 | INFO     | __main__:main:220 - ======================================================================
2026-06-20 11:35:33.907 | INFO     | __main__:main:106 - ======================================================================
2026-06-20 11:35:33.909 | INFO     | __main__:main:107 - GRAPHURA INVERSE SCRAPER - Starting
2026-06-20 11:35:33.909 | INFO     | __main__:main:108 - ======================================================================
2026-06-20 11:35:33.909 | INFO     | __main__:main:109 - Targeting platforms: complaintboard, consumercomplaints
2026-06-20 11:35:33.910 | INFO     | __main__:main:110 - Per query: 1
2026-06-20 11:35:33.910 | INFO     | __main__:main:111 - Delays   : 4.0-8.0s
2026-06-20 11:35:33.910 | INFO     | __main__:main:112 - ======================================================================
2026-06-20 11:35:34.767 | INFO     | __main__:main:119 - Connected to database. Existing training scams: 1
2026-06-20 11:35:34.768 | INFO     | __main__:main:130 - Running inverse connector for platform: complaintboard
2026-06-20 11:35:34.768 | INFO     | __main__:main:140 - Searching listings (BS4): https://www.complaintboard.in/search.php?q=fake+job
2026-06-20 11:35:35.061 | DEBUG    | __main__:fetch_html_static:68 - Static fetch failed for https://www.complaintboard.in/search.php?q=fake+job: [Errno 11001] getaddrinfo failed
2026-06-20 11:35:35.063 | INFO     | __main__:main:150 -    BS4 search failed/blocked. Trying Playwright fallback...
2026-06-20 11:35:36.617 | DEBUG    | __main__:fetch_html_playwright_safe:99 - Playwright execution bypassed/failed (expected on path syntax): net::ERR_NAME_NOT_RESOLVED at https://www.complaintboard.in/search.php?q=fake+job
2026-06-20 11:35:36.617 | INFO     | __main__:main:158 -    Found 0 scam posts to process
2026-06-20 11:35:40.861 | INFO     | __main__:main:140 - Searching listings (BS4): https://www.complaintboard.in/search.php?q=scam
2026-06-20 11:35:41.138 | DEBUG    | __main__:fetch_html_static:68 - Static fetch failed for https://www.complaintboard.in/search.php?q=scam: [Errno 11001] getaddrinfo failed
2026-06-20 11:35:41.139 | INFO     | __main__:main:150 -    BS4 search failed/blocked. Trying Playwright fallback...
2026-06-20 11:35:42.471 | DEBUG    | __main__:fetch_html_playwright_safe:99 - Playwright execution bypassed/failed (expected on path syntax): net::ERR_NAME_NOT_RESOLVED at https://www.complaintboard.in/search.php?q=scam
2026-06-20 11:35:42.471 | INFO     | __main__:main:158 -    Found 0 scam posts to process
2026-06-20 11:35:49.748 | INFO     | __main__:main:140 - Searching listings (BS4): https://www.complaintboard.in/search.php?q=fraud
2026-06-20 11:35:50.012 | DEBUG    | __main__:fetch_html_static:68 - Static fetch failed for https://www.complaintboard.in/search.php?q=fraud: [Errno 11001] getaddrinfo failed
2026-06-20 11:35:50.013 | INFO     | __main__:main:150 -    BS4 search failed/blocked. Trying Playwright fallback...
2026-06-20 11:35:51.331 | DEBUG    | __main__:fetch_html_playwright_safe:99 - Playwright execution bypassed/failed (expected on path syntax): net::ERR_NAME_NOT_RESOLVED at https://www.complaintboard.in/search.php?q=fraud
2026-06-20 11:35:51.331 | INFO     | __main__:main:158 -    Found 0 scam posts to process
2026-06-20 11:35:55.527 | INFO     | __main__:main:130 - Running inverse connector for platform: consumercomplaints
2026-06-20 11:35:55.528 | INFO     | __main__:main:140 - Searching listings (BS4): https://www.consumercomplaints.in/?search=fake+job
2026-06-20 11:35:56.653 | INFO     | __main__:main:158 -    Found 1 scam posts to process
2026-06-20 11:36:01.261 | INFO     | __main__:main:140 - Searching listings (BS4): https://www.consumercomplaints.in/?search=scam
2026-06-20 11:36:02.390 | INFO     | __main__:main:158 -    Found 1 scam posts to process
2026-06-20 11:36:07.268 | INFO     | __main__:main:140 - Searching listings (BS4): https://www.consumercomplaints.in/?search=fraud
2026-06-20 11:36:13.668 | INFO     | __main__:main:158 -    Found 1 scam posts to process
2026-06-20 11:36:20.409 | INFO     | __main__:main:167 - Scraping scam detail: https://www.consumercomplaints.in/sai-groups-of-organisation-fake-job-consultancy-c3541704
2026-06-20 11:36:22.219 | INFO     | __main__:main:204 -    Saved training scam: Sai Groups Of Organisation — Fake job co
2026-06-20 11:36:26.569 | INFO     | __main__:main:167 - Scraping scam detail: https://www.consumercomplaints.in/making-scam-through-my-name-by-my-name-making-a-fam-pay-account-asking-other-for-money-c3541972
2026-06-20 11:36:28.505 | INFO     | __main__:main:204 -    Saved training scam: Making Scam Through My Name — By my name
2026-06-20 11:36:34.097 | INFO     | __main__:main:167 - Scraping scam detail: https://www.consumercomplaints.in/sernexuss-fake-review-fraud-company-very-disappointed-with-the-level-of-service-c3541190
2026-06-20 11:36:35.764 | INFO     | __main__:main:204 -    Saved training scam: Sernexuss Fake Review Fraud Company — Ve
2026-06-20 11:36:40.532 | INFO     | __main__:main:213 - ======================================================================
2026-06-20 11:36:40.532 | INFO     | __main__:main:214 - INVERSE SCRAPER SUMMARY
2026-06-20 11:36:40.533 | INFO     | __main__:main:215 - ======================================================================
2026-06-20 11:36:40.533 | INFO     | __main__:main:216 - Saved   : 3
2026-06-20 11:36:40.533 | INFO     | __main__:main:217 - Skipped : 0
2026-06-20 11:36:40.534 | INFO     | __main__:main:218 - Failed  : 0
2026-06-20 11:36:40.534 | INFO     | __main__:main:219 - Duration: 66.6s
2026-06-20 11:36:40.534 | INFO     | __main__:main:220 - ======================================================================
2026-06-20 11:42:36.394 | INFO     | __main__:main:86 - ======================================================================
2026-06-20 11:42:36.396 | INFO     | __main__:main:87 - GRAPHURA INVERSE SCRAPER - Starting
2026-06-20 11:42:36.396 | INFO     | __main__:main:88 - ======================================================================
2026-06-20 11:42:36.397 | INFO     | __main__:main:89 - Targeting platforms: internshala, consumercomplaints
2026-06-20 11:42:36.397 | INFO     | __main__:main:90 - Per query: 1
2026-06-20 11:42:36.397 | INFO     | __main__:main:91 - Delays   : 4.0-8.0s
2026-06-20 11:42:36.397 | INFO     | __main__:main:92 - ======================================================================
2026-06-20 11:42:37.536 | INFO     | __main__:main:99 - Connected to database. Existing training scams: 4
2026-06-20 11:42:39.354 | INFO     | __main__:main:145 - Running platform: internshala (Standard=True)
2026-06-20 11:42:39.355 | INFO     | __main__:main:163 - Searching listings (BS4): https://internshala.com/internships/keywords-fake-job/
2026-06-20 11:42:40.235 | INFO     | __main__:main:192 -    Found 1 posts to process
2026-06-20 11:42:48.009 | INFO     | __main__:main:163 - Searching listings (BS4): https://internshala.com/internships/keywords-scam/
2026-06-20 11:42:49.174 | INFO     | __main__:main:192 -    Found 1 posts to process
2026-06-20 11:42:56.117 | INFO     | __main__:main:163 - Searching listings (BS4): https://internshala.com/internships/keywords-fraud/
2026-06-20 11:42:57.089 | INFO     | __main__:main:176 -    BS4 search failed/blocked. Trying Playwright fallback...
2026-06-20 11:43:05.336 | INFO     | __main__:main:192 -    Found 0 posts to process
2026-06-20 11:43:09.457 | INFO     | __main__:main:201 - Scraping scam detail: https://internshala.com/internship/detail/work-from-home-part-time-social-media-content-creator-brand-face-internship-at-calm1778153467
2026-06-20 11:43:10.643 | INFO     | __main__:main:265 -    Saved training scam: Social Media Content Creator & Brand Fac
2026-06-20 11:43:18.016 | INFO     | __main__:main:201 - Scraping scam detail: https://internshala.com/internship/detail/supply-chain-management-scm-internship-in-gurgaon-at-uday-bhardwaj1781502171
2026-06-20 11:43:21.028 | INFO     | __main__:main:265 -    Saved training scam: Supply Chain Management (SCM) - Internsh
2026-06-20 11:43:26.203 | INFO     | __main__:main:145 - Running platform: consumercomplaints (Standard=False)
2026-06-20 11:43:26.204 | INFO     | __main__:main:163 - Searching listings (BS4): https://www.consumercomplaints.in/?search=fake+job
2026-06-20 11:43:27.713 | INFO     | __main__:main:192 -    Found 1 posts to process
2026-06-20 11:43:34.757 | INFO     | __main__:main:163 - Searching listings (BS4): https://www.consumercomplaints.in/?search=scam
2026-06-20 11:43:36.017 | INFO     | __main__:main:192 -    Found 1 posts to process
2026-06-20 11:43:40.084 | INFO     | __main__:main:163 - Searching listings (BS4): https://www.consumercomplaints.in/?search=fraud
2026-06-20 11:43:41.584 | INFO     | __main__:main:192 -    Found 1 posts to process
2026-06-20 11:43:48.307 | INFO     | __main__:main:201 - Scraping scam detail: https://www.consumercomplaints.in/sai-groups-of-organisation-fake-job-consultancy-c3541704
2026-06-20 11:43:49.761 | INFO     | __main__:main:268 -    Skipped/Duplicate training scam: Sai Groups Of Organisation — Fake job co
2026-06-20 11:43:55.680 | INFO     | __main__:main:201 - Scraping scam detail: https://www.consumercomplaints.in/making-scam-through-my-name-by-my-name-making-a-fam-pay-account-asking-other-for-money-c3541972
2026-06-20 11:43:57.019 | INFO     | __main__:main:268 -    Skipped/Duplicate training scam: Making Scam Through My Name — By my name
2026-06-20 11:44:04.848 | INFO     | __main__:main:201 - Scraping scam detail: https://www.consumercomplaints.in/sernexuss-fake-review-fraud-company-very-disappointed-with-the-level-of-service-c3541190
2026-06-20 11:44:05.988 | INFO     | __main__:main:268 -    Skipped/Duplicate training scam: Sernexuss Fake Review Fraud Company — Ve
2026-06-20 11:44:13.853 | INFO     | __main__:main:282 - ======================================================================
2026-06-20 11:44:13.854 | INFO     | __main__:main:283 - INVERSE SCRAPER SUMMARY
2026-06-20 11:44:13.854 | INFO     | __main__:main:284 - ======================================================================
2026-06-20 11:44:13.854 | INFO     | __main__:main:285 - Saved   : 2
2026-06-20 11:44:13.854 | INFO     | __main__:main:286 - Skipped : 3
2026-06-20 11:44:13.854 | INFO     | __main__:main:287 - Failed  : 0
2026-06-20 11:44:13.855 | INFO     | __main__:main:288 - Duration: 97.5s
2026-06-20 11:44:13.855 | INFO     | __main__:main:289 - ======================================================================
2026-06-20 14:49:13.233 | INFO     | __main__:main:86 - ======================================================================
2026-06-20 14:49:13.236 | INFO     | __main__:main:87 - GRAPHURA INVERSE SCRAPER - Starting
2026-06-20 14:49:13.237 | INFO     | __main__:main:88 - ======================================================================
2026-06-20 14:49:13.238 | INFO     | __main__:main:89 - Targeting platforms: internshala
2026-06-20 14:52:07.204 | INFO     | __main__:main:89 - ======================================================================
2026-06-20 14:52:07.212 | INFO     | __main__:main:90 - GRAPHURA INVERSE SCRAPER - Starting
2026-06-20 14:52:07.212 | INFO     | __main__:main:91 - ======================================================================
2026-06-20 14:52:07.213 | INFO     | __main__:main:92 - Targeting platforms: internshala
2026-06-20 14:52:07.213 | INFO     | __main__:main:93 - Per query: 1
2026-06-20 14:52:07.214 | INFO     | __main__:main:94 - Delays   : 4.0-8.0s
2026-06-20 14:52:07.214 | INFO     | __main__:main:95 - ======================================================================
2026-06-20 14:52:09.649 | INFO     | __main__:main:102 - Connected to database. Existing training scams: 6
2026-06-20 14:52:12.255 | INFO     | __main__:main:148 - Running platform: internshala (Standard=True)
2026-06-20 14:52:12.257 | INFO     | __main__:main:166 - Searching listings (BS4): https://internshala.com/internships/keywords-python-developer/
2026-06-20 14:52:14.825 | INFO     | __main__:main:195 -    Found 1 posts to process
2026-06-20 14:52:21.379 | INFO     | __main__:main:204 - Scraping scam detail: https://internshala.com/internship/detail/data-analytics-internship-in-multiple-locations-at-venkatesh1781848772
2026-06-20 14:52:24.642 | INFO     | __main__:main:307 -    Saved training CLEAN: Data Analytics - Internship
2026-06-20 14:52:32.084 | INFO     | __main__:main:324 - ======================================================================
2026-06-20 14:52:32.084 | INFO     | __main__:main:325 - INVERSE SCRAPER SUMMARY
2026-06-20 14:52:32.086 | INFO     | __main__:main:326 - ======================================================================
2026-06-20 14:52:32.087 | INFO     | __main__:main:327 - Saved   : 1
2026-06-20 14:52:32.087 | INFO     | __main__:main:328 - Skipped : 0
2026-06-20 14:52:32.087 | INFO     | __main__:main:329 - Failed  : 0
2026-06-20 14:52:32.087 | INFO     | __main__:main:330 - Duration: 24.9s
2026-06-20 14:52:32.088 | INFO     | __main__:main:331 - ======================================================================
2026-06-20 18:46:30.547 | INFO     | __main__:main:90 - ======================================================================
2026-06-20 18:46:30.549 | INFO     | __main__:main:91 - GRAPHURA INVERSE SCRAPER - Starting
2026-06-20 18:46:30.549 | INFO     | __main__:main:92 - ======================================================================
2026-06-20 18:46:30.549 | INFO     | __main__:main:93 - Targeting platforms: linkedin, internshala, shine, ncs, naukri, foundit, career
2026-06-20 18:46:30.549 | INFO     | __main__:main:94 - Per query: 1
2026-06-20 18:46:30.549 | INFO     | __main__:main:95 - Delays   : 4.0-8.0s
2026-06-20 18:46:30.550 | INFO     | __main__:main:96 - ======================================================================
2026-06-20 18:46:32.529 | INFO     | __main__:main:103 - Connected to database. Existing training scams: 6
2026-06-20 18:46:33.412 | INFO     | __main__:main:150 - Running platform: linkedin (Standard=True)
2026-06-20 18:46:33.412 | INFO     | __main__:main:168 - Searching listings (BS4): https://www.linkedin.com/jobs/search?keywords=part+time&location=India&f_TPR=r604800&start=0
2026-06-20 18:46:35.100 | INFO     | __main__:main:181 -    BS4 search failed/blocked. Trying Playwright fallback...
2026-06-20 18:46:56.388 | INFO     | __main__:main:197 -    Found 0 posts to process
2026-06-20 18:47:01.552 | INFO     | __main__:main:168 - Searching listings (BS4): https://www.linkedin.com/jobs/search?keywords=data+entry&location=India&f_TPR=r604800&start=0
2026-06-20 18:47:03.092 | INFO     | __main__:main:181 -    BS4 search failed/blocked. Trying Playwright fallback...
2026-06-20 18:47:17.158 | INFO     | __main__:main:197 -    Found 0 posts to process
2026-06-20 18:47:22.124 | INFO     | __main__:main:168 - Searching listings (BS4): https://www.linkedin.com/jobs/search?keywords=work+from+home&location=India&f_TPR=r604800&start=0
2026-06-20 18:47:23.417 | INFO     | __main__:main:181 -    BS4 search failed/blocked. Trying Playwright fallback...
2026-06-20 18:47:38.116 | INFO     | __main__:main:197 -    Found 0 posts to process
2026-06-20 18:47:45.078 | INFO     | __main__:main:168 - Searching listings (BS4): https://www.linkedin.com/jobs/search?keywords=whatsapp&location=India&f_TPR=r604800&start=0
2026-06-20 18:47:46.674 | INFO     | __main__:main:181 -    BS4 search failed/blocked. Trying Playwright fallback...
2026-06-20 18:48:01.520 | INFO     | __main__:main:197 -    Found 0 posts to process
2026-06-20 18:48:08.850 | INFO     | __main__:main:168 - Searching listings (BS4): https://www.linkedin.com/jobs/search?keywords=copy+paste&location=India&f_TPR=r604800&start=0
2026-06-20 18:48:10.121 | INFO     | __main__:main:181 -    BS4 search failed/blocked. Trying Playwright fallback...
2026-06-20 18:48:23.740 | INFO     | __main__:main:197 -    Found 0 posts to process
2026-06-20 18:48:30.852 | INFO     | __main__:main:168 - Searching listings (BS4): https://www.linkedin.com/jobs/search?keywords=typing&location=India&f_TPR=r604800&start=0
2026-06-20 18:48:32.397 | INFO     | __main__:main:181 -    BS4 search failed/blocked. Trying Playwright fallback...
2026-06-20 18:48:51.062 | INFO     | __main__:main:197 -    Found 0 posts to process
2026-06-20 18:48:56.308 | INFO     | __main__:main:168 - Searching listings (BS4): https://www.linkedin.com/jobs/search?keywords=earn+daily&location=India&f_TPR=r604800&start=0
2026-06-20 18:48:57.500 | INFO     | __main__:main:181 -    BS4 search failed/blocked. Trying Playwright fallback...
2026-06-20 18:49:11.744 | INFO     | __main__:main:197 -    Found 0 posts to process
2026-06-20 18:49:19.223 | INFO     | __main__:main:168 - Searching listings (BS4): https://www.linkedin.com/jobs/search?keywords=fake+job&location=India&f_TPR=r604800&start=0
2026-06-20 18:49:20.902 | INFO     | __main__:main:181 -    BS4 search failed/blocked. Trying Playwright fallback...
2026-06-20 18:49:34.655 | INFO     | __main__:main:197 -    Found 0 posts to process
2026-06-20 18:49:40.052 | INFO     | __main__:main:168 - Searching listings (BS4): https://www.linkedin.com/jobs/search?keywords=scam&location=India&f_TPR=r604800&start=0
2026-06-20 18:49:41.309 | INFO     | __main__:main:181 -    BS4 search failed/blocked. Trying Playwright fallback...
2026-06-20 18:49:55.531 | INFO     | __main__:main:197 -    Found 0 posts to process
2026-06-20 18:50:03.199 | INFO     | __main__:main:168 - Searching listings (BS4): https://www.linkedin.com/jobs/search?keywords=fraud&location=India&f_TPR=r604800&start=0
2026-06-20 18:50:04.847 | INFO     | __main__:main:181 -    BS4 search failed/blocked. Trying Playwright fallback...
2026-06-20 18:50:14.623 | DEBUG    | __main__:main:195 -    Playwright search parse error: Target page, context or browser has been closed
2026-06-20 18:50:14.623 | INFO     | __main__:main:197 -    Found 0 posts to process
